<?xml version="1.0" encoding="UTF-8"?>
<testng-results ignored="0" total="4" passed="4" failed="0" skipped="0">
  <reporter-output>
  </reporter-output>
  <suite started-at="2024-01-18T15:39:20 IST" name="Default suite" finished-at="2024-01-18T15:39:45 IST" duration-ms="25126">
    <groups>
    </groups>
    <test started-at="2024-01-18T15:39:20 IST" name="Default test" finished-at="2024-01-18T15:39:45 IST" duration-ms="25126">
      <class name="StepsDefination.multipleSteps">
        <test-method is-config="true" signature="setUp()[pri:0, instance:StepsDefination.multipleSteps@3e27aa33]" started-at="2024-01-18T15:39:20 IST" name="setUp" finished-at="2024-01-18T15:39:23 IST" duration-ms="3584" status="PASS">
          <reporter-output>
          </reporter-output>
        </test-method> <!-- setUp -->
        <test-method signature="search(java.lang.String,java.lang.String)[pri:0, instance:StepsDefination.multipleSteps@3e27aa33]" started-at="2024-01-18T15:39:23 IST" name="search" data-provider="test-data" finished-at="2024-01-18T15:39:26 IST" duration-ms="2212" status="PASS">
          <params>
            <param index="0">
              <value>
                <![CDATA[LoadRunner]]>
              </value>
            </param>
            <param index="1">
              <value>
                <![CDATA[Chennai]]>
              </value>
            </param>
          </params>
          <reporter-output>
          </reporter-output>
        </test-method> <!-- search -->
        <test-method is-config="true" signature="burnDown()[pri:0, instance:StepsDefination.multipleSteps@3e27aa33]" started-at="2024-01-18T15:39:26 IST" name="burnDown" finished-at="2024-01-18T15:39:27 IST" duration-ms="1243" status="PASS">
          <reporter-output>
          </reporter-output>
        </test-method> <!-- burnDown -->
        <test-method is-config="true" signature="setUp()[pri:0, instance:StepsDefination.multipleSteps@3e27aa33]" started-at="2024-01-18T15:39:27 IST" name="setUp" finished-at="2024-01-18T15:39:29 IST" duration-ms="2413" status="PASS">
          <reporter-output>
          </reporter-output>
        </test-method> <!-- setUp -->
        <test-method signature="search(java.lang.String,java.lang.String)[pri:0, instance:StepsDefination.multipleSteps@3e27aa33]" started-at="2024-01-18T15:39:29 IST" name="search" data-provider="test-data" finished-at="2024-01-18T15:39:31 IST" duration-ms="2239" status="PASS">
          <params>
            <param index="0">
              <value>
                <![CDATA[LoadRunner1]]>
              </value>
            </param>
            <param index="1">
              <value>
                <![CDATA[Chennai1]]>
              </value>
            </param>
          </params>
          <reporter-output>
          </reporter-output>
        </test-method> <!-- search -->
        <test-method is-config="true" signature="burnDown()[pri:0, instance:StepsDefination.multipleSteps@3e27aa33]" started-at="2024-01-18T15:39:31 IST" name="burnDown" finished-at="2024-01-18T15:39:33 IST" duration-ms="1496" status="PASS">
          <reporter-output>
          </reporter-output>
        </test-method> <!-- burnDown -->
        <test-method is-config="true" signature="setUp()[pri:0, instance:StepsDefination.multipleSteps@3e27aa33]" started-at="2024-01-18T15:39:33 IST" name="setUp" finished-at="2024-01-18T15:39:35 IST" duration-ms="2261" status="PASS">
          <reporter-output>
          </reporter-output>
        </test-method> <!-- setUp -->
        <test-method signature="search(java.lang.String,java.lang.String)[pri:0, instance:StepsDefination.multipleSteps@3e27aa33]" started-at="2024-01-18T15:39:35 IST" name="search" data-provider="test-data" finished-at="2024-01-18T15:39:37 IST" duration-ms="2194" status="PASS">
          <params>
            <param index="0">
              <value>
                <![CDATA[LoadRunner2]]>
              </value>
            </param>
            <param index="1">
              <value>
                <![CDATA[Chennai2]]>
              </value>
            </param>
          </params>
          <reporter-output>
          </reporter-output>
        </test-method> <!-- search -->
        <test-method is-config="true" signature="burnDown()[pri:0, instance:StepsDefination.multipleSteps@3e27aa33]" started-at="2024-01-18T15:39:37 IST" name="burnDown" finished-at="2024-01-18T15:39:39 IST" duration-ms="1436" status="PASS">
          <reporter-output>
          </reporter-output>
        </test-method> <!-- burnDown -->
        <test-method is-config="true" signature="setUp()[pri:0, instance:StepsDefination.multipleSteps@3e27aa33]" started-at="2024-01-18T15:39:39 IST" name="setUp" finished-at="2024-01-18T15:39:41 IST" duration-ms="2503" status="PASS">
          <reporter-output>
          </reporter-output>
        </test-method> <!-- setUp -->
        <test-method signature="search(java.lang.String,java.lang.String)[pri:0, instance:StepsDefination.multipleSteps@3e27aa33]" started-at="2024-01-18T15:39:41 IST" name="search" data-provider="test-data" finished-at="2024-01-18T15:39:44 IST" duration-ms="2182" status="PASS">
          <params>
            <param index="0">
              <value>
                <![CDATA[test123]]>
              </value>
            </param>
            <param index="1">
              <value>
                <![CDATA[pwd123]]>
              </value>
            </param>
          </params>
          <reporter-output>
          </reporter-output>
        </test-method> <!-- search -->
        <test-method is-config="true" signature="burnDown()[pri:0, instance:StepsDefination.multipleSteps@3e27aa33]" started-at="2024-01-18T15:39:44 IST" name="burnDown" finished-at="2024-01-18T15:39:45 IST" duration-ms="1317" status="PASS">
          <reporter-output>
          </reporter-output>
        </test-method> <!-- burnDown -->
      </class> <!-- StepsDefination.multipleSteps -->
    </test> <!-- Default test -->
  </suite> <!-- Default suite -->
</testng-results>
