<?xml version="1.0" encoding="UTF-8"?>
<!-- Generated by org.testng.reporters.JUnitXMLReporter -->
<testsuite ignored="1" hostname="CSCO-W-PF3MRZCB" failures="0" tests="5" name="Test" time="0.036" errors="0" timestamp="2024-01-17T10:16:03 IST">
  <testcase classname="package1.sampleTest.test002forTestSuite" name="f" time="0.005"/>
  <testcase classname="package1.sampleTest.test001" name="sample2" time="0.001"/>
  <testcase classname="package1.sampleTest.test001" name="sample1" time="0.0"/>
  <testcase classname="package1.sampleTest.test001" name="sample4" time="0.001"/>
  <testcase classname="package1.sampleTest.test001" name="sample3" time="0.0"/>
  <testcase classname="package1.sampleTest.test001" name="sample5" time="0.0">
    <ignored/>
  </testcase> <!-- sample5 -->
</testsuite> <!-- Test -->
