<?xml version="1.0" encoding="UTF-8"?>
<testng-results ignored="0" total="1" passed="1" failed="0" skipped="0">
  <reporter-output>
  </reporter-output>
  <suite started-at="2024-01-18T10:22:33 IST" name="Default suite" finished-at="2024-01-18T10:22:36 IST" duration-ms="3851">
    <groups>
    </groups>
    <test started-at="2024-01-18T10:22:33 IST" name="Default test" finished-at="2024-01-18T10:22:36 IST" duration-ms="3851">
      <class name="maven_junit.testng_maven.textNg_testing">
        <test-method is-config="true" signature="test1()[pri:0, instance:maven_junit.testng_maven.textNg_testing@39c11e6c]" started-at="2024-01-18T10:22:33 IST" name="test1" finished-at="2024-01-18T10:22:33 IST" duration-ms="191" status="PASS">
          <reporter-output>
          </reporter-output>
        </test-method> <!-- test1 -->
        <test-method signature="f()[pri:0, instance:maven_junit.testng_maven.textNg_testing@39c11e6c]" started-at="2024-01-18T10:22:33 IST" name="f" finished-at="2024-01-18T10:22:36 IST" duration-ms="3341" status="PASS">
          <reporter-output>
          </reporter-output>
        </test-method> <!-- f -->
        <test-method is-config="true" signature="closeBrower()[pri:0, instance:maven_junit.testng_maven.textNg_testing@39c11e6c]" started-at="2024-01-18T10:22:36 IST" name="closeBrower" finished-at="2024-01-18T10:22:36 IST" duration-ms="287" status="PASS">
          <reporter-output>
          </reporter-output>
        </test-method> <!-- closeBrower -->
      </class> <!-- maven_junit.testng_maven.textNg_testing -->
    </test> <!-- Default test -->
  </suite> <!-- Default suite -->
</testng-results>
