<?xml version="1.0" encoding="UTF-8"?>
<!-- Generated by org.testng.reporters.JUnitXMLReporter -->
<testsuite ignored="0" hostname="CSCO-W-PF3MRZCB" failures="0" tests="4" name="Default test" time="6.321" errors="0" timestamp="2024-01-17T11:45:21 IST">
  <testcase classname="com.SampleFramework.Scripts.testNgPract1" name="fn1" time="1.547"/>
  <testcase classname="com.SampleFramework.Scripts.testNgPract1" name="teststep1" time="2.281"/>
  <testcase classname="com.SampleFramework.Scripts.testNgPract1" name="teststep2" time="2.438"/>
  <testcase classname="com.SampleFramework.Scripts.testNgPract1" name="teststep3" time="0.028"/>
</testsuite> <!-- Default test -->
