<?xml version="1.0" encoding="UTF-8"?>
<testng-results ignored="0" total="1" passed="1" failed="0" skipped="0">
  <reporter-output>
  </reporter-output>
  <suite started-at="2024-01-19T15:23:57 IST" name="Suite" finished-at="2024-01-19T15:24:01 IST" duration-ms="4546">
    <groups>
    </groups>
    <test started-at="2024-01-19T15:23:57 IST" name="Test" finished-at="2024-01-19T15:24:01 IST" duration-ms="4546">
      <class name="testPart.Test001">
        <test-method is-config="true" signature="init()[pri:0, instance:testPart.Test001@1fc793c2]" started-at="2024-01-19T15:23:57 IST" name="init" finished-at="2024-01-19T15:23:57 IST" duration-ms="10" status="PASS">
          <reporter-output>
          </reporter-output>
        </test-method> <!-- init -->
        <test-method signature="TestCase1()[pri:0, instance:testPart.Test001@1fc793c2]" started-at="2024-01-19T15:23:57 IST" name="TestCase1" finished-at="2024-01-19T15:24:01 IST" duration-ms="4500" status="PASS">
          <reporter-output>
          </reporter-output>
        </test-method> <!-- TestCase1 -->
      </class> <!-- testPart.Test001 -->
    </test> <!-- Test -->
  </suite> <!-- Suite -->
</testng-results>
