<?xml version="1.0" encoding="UTF-8"?>
<testng-results ignored="0" total="4" passed="4" failed="0" skipped="0">
  <reporter-output>
  </reporter-output>
  <suite started-at="2024-01-17T11:45:14 IST" name="Default suite" finished-at="2024-01-17T11:45:21 IST" duration-ms="6321">
    <groups>
    </groups>
    <test started-at="2024-01-17T11:45:14 IST" name="Default test" finished-at="2024-01-17T11:45:21 IST" duration-ms="6321">
      <class name="com.SampleFramework.Scripts.testNgPract1">
        <test-method signature="fn1()[pri:0, instance:com.SampleFramework.Scripts.testNgPract1@750fe12e]" started-at="2024-01-17T11:45:14 IST" name="fn1" finished-at="2024-01-17T11:45:16 IST" duration-ms="1547" status="PASS">
          <reporter-output>
          </reporter-output>
        </test-method> <!-- fn1 -->
        <test-method signature="teststep1()[pri:1, instance:com.SampleFramework.Scripts.testNgPract1@750fe12e]" started-at="2024-01-17T11:45:16 IST" name="teststep1" finished-at="2024-01-17T11:45:18 IST" duration-ms="2281" status="PASS">
          <reporter-output>
          </reporter-output>
        </test-method> <!-- teststep1 -->
        <test-method signature="teststep2()[pri:2, instance:com.SampleFramework.Scripts.testNgPract1@750fe12e]" started-at="2024-01-17T11:45:18 IST" name="teststep2" finished-at="2024-01-17T11:45:20 IST" duration-ms="2438" status="PASS">
          <reporter-output>
          </reporter-output>
        </test-method> <!-- teststep2 -->
        <test-method signature="teststep3()[pri:3, instance:com.SampleFramework.Scripts.testNgPract1@750fe12e]" started-at="2024-01-17T11:45:20 IST" name="teststep3" finished-at="2024-01-17T11:45:21 IST" duration-ms="28" status="PASS">
          <reporter-output>
          </reporter-output>
        </test-method> <!-- teststep3 -->
      </class> <!-- com.SampleFramework.Scripts.testNgPract1 -->
    </test> <!-- Default test -->
  </suite> <!-- Default suite -->
</testng-results>
