<?xml version="1.0" encoding="UTF-8"?>
<!-- Generated by org.testng.reporters.JUnitXMLReporter -->
<testsuite ignored="0" hostname="CSCO-W-PF3MRZCB" failures="0" tests="4" name="Default test" time="25.126" errors="0" timestamp="2024-01-18T15:39:45 IST">
  <testcase classname="StepsDefination.multipleSteps" name="search" time="2.212"/>
  <testcase classname="StepsDefination.multipleSteps" name="search" time="2.239"/>
  <testcase classname="StepsDefination.multipleSteps" name="search" time="2.194"/>
  <testcase classname="StepsDefination.multipleSteps" name="search" time="2.182"/>
</testsuite> <!-- Default test -->
